"is_built_lib_ocaml_portmidi" "true"
"built_lib_ocaml_portmidi" "/home/niki/projects/ocaml/system/ocaml-portmidi/_build/src//libocaml_portmidi.a"
"built_lib_ocaml_portmidi" "/home/niki/projects/ocaml/system/ocaml-portmidi/_build/src//dllocaml_portmidi.so"
"built_lib_ocaml_portmidi" "/home/niki/projects/ocaml/system/ocaml-portmidi/_build/src//ocaml_portmidi.cma"
"built_lib_ocaml_portmidi" "/home/niki/projects/ocaml/system/ocaml-portmidi/_build/src//ocaml_portmidi.cmxa"
"built_lib_ocaml_portmidi" "/home/niki/projects/ocaml/system/ocaml-portmidi/_build/src//ocaml_portmidi.a"
"built_lib_ocaml_portmidi" "/home/niki/projects/ocaml/system/ocaml-portmidi/_build/src//portmidi.cmi"
"is_built_exec_test" "true"
"built_exec_test" "/home/niki/projects/ocaml/system/ocaml-portmidi/_build/test//test"
"is_built_lib_ocaml_portmidi" "true"
"built_lib_ocaml_portmidi" "/home/niki/projects/ocaml/system/ocaml-portmidi/_build/src//libocaml_portmidi.a"
"built_lib_ocaml_portmidi" "/home/niki/projects/ocaml/system/ocaml-portmidi/_build/src//dllocaml_portmidi.so"
"built_lib_ocaml_portmidi" "/home/niki/projects/ocaml/system/ocaml-portmidi/_build/src//ocaml_portmidi.cma"
"built_lib_ocaml_portmidi" "/home/niki/projects/ocaml/system/ocaml-portmidi/_build/src//ocaml_portmidi.cmxa"
"built_lib_ocaml_portmidi" "/home/niki/projects/ocaml/system/ocaml-portmidi/_build/src//ocaml_portmidi.a"
"built_lib_ocaml_portmidi" "/home/niki/projects/ocaml/system/ocaml-portmidi/_build/src//portmidi.cmi"
"is_built_exec_test" "true"
"built_exec_test" "/home/niki/projects/ocaml/system/ocaml-portmidi/_build/test//test"
"is_built_lib_ocaml_portmidi" "true"
"built_lib_ocaml_portmidi" "/home/niki/projects/ocaml/system/ocaml-portmidi/_build/src//libocaml_portmidi.a"
"built_lib_ocaml_portmidi" "/home/niki/projects/ocaml/system/ocaml-portmidi/_build/src//dllocaml_portmidi.so"
"built_lib_ocaml_portmidi" "/home/niki/projects/ocaml/system/ocaml-portmidi/_build/src//ocaml_portmidi.cma"
"built_lib_ocaml_portmidi" "/home/niki/projects/ocaml/system/ocaml-portmidi/_build/src//ocaml_portmidi.cmxa"
"built_lib_ocaml_portmidi" "/home/niki/projects/ocaml/system/ocaml-portmidi/_build/src//ocaml_portmidi.a"
"built_lib_ocaml_portmidi" "/home/niki/projects/ocaml/system/ocaml-portmidi/_build/src//portmidi.cmi"
"is_built_exec_test" "true"
"built_exec_test" "/home/niki/projects/ocaml/system/ocaml-portmidi/_build/test//test"
"is_built_lib_ocaml_portmidi" "true"
"built_lib_ocaml_portmidi" "/home/niki/projects/ocaml/system/ocaml-portmidi/_build/src//libocaml_portmidi.a"
"built_lib_ocaml_portmidi" "/home/niki/projects/ocaml/system/ocaml-portmidi/_build/src//dllocaml_portmidi.so"
"built_lib_ocaml_portmidi" "/home/niki/projects/ocaml/system/ocaml-portmidi/_build/src//ocaml_portmidi.cma"
"built_lib_ocaml_portmidi" "/home/niki/projects/ocaml/system/ocaml-portmidi/_build/src//ocaml_portmidi.cmxa"
"built_lib_ocaml_portmidi" "/home/niki/projects/ocaml/system/ocaml-portmidi/_build/src//ocaml_portmidi.a"
"built_lib_ocaml_portmidi" "/home/niki/projects/ocaml/system/ocaml-portmidi/_build/src//portmidi.cmi"
"is_built_exec_test" "true"
"built_exec_test" "/home/niki/projects/ocaml/system/ocaml-portmidi/_build/test//test"
"is_built_lib_ocaml_portmidi" "true"
"built_lib_ocaml_portmidi" "/home/niki/projects/ocaml/system/ocaml-portmidi/_build/src//libocaml_portmidi.a"
"built_lib_ocaml_portmidi" "/home/niki/projects/ocaml/system/ocaml-portmidi/_build/src//dllocaml_portmidi.so"
"built_lib_ocaml_portmidi" "/home/niki/projects/ocaml/system/ocaml-portmidi/_build/src//ocaml_portmidi.cma"
"built_lib_ocaml_portmidi" "/home/niki/projects/ocaml/system/ocaml-portmidi/_build/src//ocaml_portmidi.cmxa"
"built_lib_ocaml_portmidi" "/home/niki/projects/ocaml/system/ocaml-portmidi/_build/src//ocaml_portmidi.a"
"built_lib_ocaml_portmidi" "/home/niki/projects/ocaml/system/ocaml-portmidi/_build/src//portmidi.cmi"
"is_built_exec_test" "true"
"built_exec_test" "/home/niki/projects/ocaml/system/ocaml-portmidi/_build/test//test"
"is_built_lib_ocaml_portmidi" "true"
"built_lib_ocaml_portmidi" "/home/niki/projects/ocaml/system/ocaml-portmidi/_build/src//libocaml_portmidi.a"
"built_lib_ocaml_portmidi" "/home/niki/projects/ocaml/system/ocaml-portmidi/_build/src//dllocaml_portmidi.so"
"built_lib_ocaml_portmidi" "/home/niki/projects/ocaml/system/ocaml-portmidi/_build/src//ocaml_portmidi.cma"
"built_lib_ocaml_portmidi" "/home/niki/projects/ocaml/system/ocaml-portmidi/_build/src//ocaml_portmidi.cmxa"
"built_lib_ocaml_portmidi" "/home/niki/projects/ocaml/system/ocaml-portmidi/_build/src//ocaml_portmidi.a"
"built_lib_ocaml_portmidi" "/home/niki/projects/ocaml/system/ocaml-portmidi/_build/src//portmidi.cmi"
"is_built_exec_test" "true"
"built_exec_test" "/home/niki/projects/ocaml/system/ocaml-portmidi/_build/test//test"
